<?xml version="1.0" encoding="UTF-8"?>
<testng-results ignored="0" total="1" passed="1" failed="0" skipped="0">
  <reporter-output>
  </reporter-output>
  <suite started-at="2024-04-25T00:39:56 IST" name="Suite" finished-at="2024-04-25T00:39:56 IST" duration-ms="65">
    <groups>
    </groups>
    <test started-at="2024-04-25T00:39:56 IST" name="Test" finished-at="2024-04-25T00:39:56 IST" duration-ms="65">
      <class name="base.TestNGDemo">
        <test-method signature="demo()[pri:0, instance:base.TestNGDemo@4c9f8c13]" started-at="2024-04-25T00:39:56 IST" name="demo" finished-at="2024-04-25T00:39:56 IST" duration-ms="16" status="PASS">
          <reporter-output>
          </reporter-output>
        </test-method> <!-- demo -->
      </class> <!-- base.TestNGDemo -->
    </test> <!-- Test -->
  </suite> <!-- Suite -->
</testng-results>
